<?xml version="1.0" encoding="UTF-8"?>
<testng-results ignored="0" total="3" passed="2" failed="1" skipped="0">
  <reporter-output>
  </reporter-output>
  <suite started-at="2025-04-05T19:48:56 IST" name="Default suite" finished-at="2025-04-05T19:49:22 IST" duration-ms="25994">
    <groups>
    </groups>
    <test started-at="2025-04-05T19:48:56 IST" name="Default test" finished-at="2025-04-05T19:49:22 IST" duration-ms="25994">
      <class name="e2e">
        <test-method is-config="true" signature="setup()[pri:0, instance:e2e@7770f470]" started-at="2025-04-05T19:48:56 IST" name="setup" finished-at="2025-04-05T19:49:01 IST" duration-ms="4957" status="PASS">
          <reporter-output>
          </reporter-output>
        </test-method> <!-- setup -->
        <test-method signature="verifyHomePage()[pri:1, instance:e2e@7770f470]" started-at="2025-04-05T19:49:01 IST" name="verifyHomePage" finished-at="2025-04-05T19:49:01 IST" duration-ms="230" status="PASS">
          <reporter-output>
          </reporter-output>
        </test-method> <!-- verifyHomePage -->
        <test-method signature="addToCartSofa()[pri:2, instance:e2e@7770f470]" started-at="2025-04-05T19:49:01 IST" name="addToCartSofa" finished-at="2025-04-05T19:49:07 IST" depends-on-methods="e2e.verifyHomePage" duration-ms="6533" status="PASS">
          <reporter-output>
          </reporter-output>
        </test-method> <!-- addToCartSofa -->
        <test-method signature="addToCartRecliner()[pri:3, instance:e2e@7770f470]" started-at="2025-04-05T19:49:07 IST" name="addToCartRecliner" finished-at="2025-04-05T19:49:22 IST" depends-on-methods="e2e.addToCartSofa" duration-ms="14152" status="FAIL">
          <exception class="java.lang.AssertionError">
            <message>
              <![CDATA[expected [https://www.urbanladder.com/products/emila-recliner-3-seater-color-blue?sku=FNSFRS51GY11152&src=room] but found [https://www.urbanladder.com/products/search?utf8=%E2%9C%93&keywords=recliner+chair]]]>
            </message>
            <full-stacktrace>
              <![CDATA[java.lang.AssertionError: expected [https://www.urbanladder.com/products/emila-recliner-3-seater-color-blue?sku=FNSFRS51GY11152&src=room] but found [https://www.urbanladder.com/products/search?utf8=%E2%9C%93&keywords=recliner+chair]
at org.testng.Assert.fail(Assert.java:111)
at org.testng.Assert.failNotEquals(Assert.java:1578)
at org.testng.Assert.assertEqualsImpl(Assert.java:150)
at org.testng.Assert.assertEquals(Assert.java:132)
at org.testng.Assert.assertEquals(Assert.java:656)
at org.testng.Assert.assertEquals(Assert.java:666)
at e2e.addToCartRecliner(e2e.java:87)
at java.base/jdk.internal.reflect.DirectMethodHandleAccessor.invoke(DirectMethodHandleAccessor.java:103)
at java.base/java.lang.reflect.Method.invoke(Method.java:580)
at org.testng.internal.invokers.MethodInvocationHelper.invokeMethod(MethodInvocationHelper.java:141)
at org.testng.internal.invokers.TestInvoker.invokeMethod(TestInvoker.java:686)
at org.testng.internal.invokers.TestInvoker.invokeTestMethod(TestInvoker.java:230)
at org.testng.internal.invokers.MethodRunner.runInSequence(MethodRunner.java:63)
at org.testng.internal.invokers.TestInvoker$MethodInvocationAgent.invoke(TestInvoker.java:992)
at org.testng.internal.invokers.TestInvoker.invokeTestMethods(TestInvoker.java:203)
at org.testng.internal.invokers.TestMethodWorker.invokeTestMethods(TestMethodWorker.java:154)
at org.testng.internal.invokers.TestMethodWorker.run(TestMethodWorker.java:134)
at java.base/java.util.ArrayList.forEach(ArrayList.java:1597)
at org.testng.TestRunner.privateRun(TestRunner.java:739)
at org.testng.TestRunner.run(TestRunner.java:614)
at org.testng.SuiteRunner.runTest(SuiteRunner.java:421)
at org.testng.SuiteRunner.runSequentially(SuiteRunner.java:413)
at org.testng.SuiteRunner.privateRun(SuiteRunner.java:373)
at org.testng.SuiteRunner.run(SuiteRunner.java:312)
at org.testng.SuiteRunnerWorker.runSuite(SuiteRunnerWorker.java:52)
at org.testng.SuiteRunnerWorker.run(SuiteRunnerWorker.java:95)
at org.testng.TestNG.runSuitesSequentially(TestNG.java:1274)
at org.testng.TestNG.runSuitesLocally(TestNG.java:1208)
at org.testng.TestNG.runSuites(TestNG.java:1112)
at org.testng.TestNG.run(TestNG.java:1079)
at org.testng.remote.AbstractRemoteTestNG.run(AbstractRemoteTestNG.java:115)
at org.testng.remote.RemoteTestNG.initAndRun(RemoteTestNG.java:293)
at org.testng.remote.RemoteTestNG.main(RemoteTestNG.java:91)
]]>
            </full-stacktrace>
          </exception> <!-- java.lang.AssertionError -->
          <reporter-output>
          </reporter-output>
        </test-method> <!-- addToCartRecliner -->
        <test-method is-config="true" signature="teardown()[pri:0, instance:e2e@7770f470]" started-at="2025-04-05T19:49:22 IST" name="teardown" finished-at="2025-04-05T19:49:22 IST" duration-ms="82" status="PASS">
          <reporter-output>
          </reporter-output>
        </test-method> <!-- teardown -->
      </class> <!-- e2e -->
    </test> <!-- Default test -->
  </suite> <!-- Default suite -->
</testng-results>
